[pho78westminster.business.site/index.html]
[backblue.gif]
[fade.gif]
[index.html]
[pho78westminster.business.site/posts/8451002822125592703fef7.html]
[pho78westminster.business.site/website/demo/index.html]
[pho78westminster.business.site/posts/5973865477121107413fef7.html]
[pho78westminster.business.site/posts/1140616553166726311fef7.html]
[pho78westminster.business.site/posts/4206120060567589340fef7.html]
[pho78westminster.business.site/posts/3212152333176844851fef7.html]
[pho78westminster.business.site/posts/4630304752258154615fef7.html]
[pho78westminster.business.site/posts/4668060662148812013fef7.html]
[pho78westminster.business.site/posts/3266272354444426418fef7.html]
[pho78westminster.business.site/posts/1142843220209610738fef7.html]
[pho78westminster.business.site/about.9.delayed]
[www.google-analytics.com/analytics.js]
[www.gstatic.com/feedback/api.js]
[apis.google.com/js/api.js]
[pho78westminster.business.site/https_.d.delayed]
[lh3.googleusercontent.com/-56KByJpsyI8/AAAAAAAAAAI/AAAAAAAAAAA/Cd2GEO5XCbE/c-rp-mo-br100/photo.png]
[lh5.googleusercontent.com/-gnRoHDsxC70/AAAAAAAAAAI/AAAAAAAAAAA/MgLepWfL9No/c-rp-mo-ba3-br100/photo.png]
[lh4.googleusercontent.com/-N82WsJteE0Y/AAAAAAAAAAI/AAAAAAAAAAA/vbAOxogIFxo/c-rp-mo-br100/photo.png]
[lh5.googleusercontent.com/-_PiBE_Gkkbc/AAAAAAAAAAI/AAAAAAAAAAA/00qfkjnAwfA/c-rp-mo-ba2-br100/photo.png]
[lh5.googleusercontent.com/--ib0HrxfR6Q/AAAAAAAAAAI/AAAAAAAAAAA/5NdZsQ9wXUo/c-rp-mo-ba4-br100/photo.png]
[pho78westminster.business.site/index.html]
[pho78westminster.business.site/website/demo/index.html]
[pho78westminster.business.site/posts/8451002822125592703.html]
[pho78westminster.business.site/posts/8451002822125592703fef7.html]
[pho78westminster.business.site/posts/84510028221255927032b4c.html]
[pho78westminster.business.site/posts/5973865477121107413.html]
[pho78westminster.business.site/posts/5973865477121107413fef7.html]
[pho78westminster.business.site/posts/59738654771211074132b4c.html]
[pho78westminster.business.site/posts/1140616553166726311.html]
[pho78westminster.business.site/posts/1140616553166726311fef7.html]
[pho78westminster.business.site/posts/11406165531667263112b4c.html]
[pho78westminster.business.site/posts/4206120060567589340.html]
[pho78westminster.business.site/posts/4206120060567589340fef7.html]
[pho78westminster.business.site/posts/42061200605675893402b4c.html]
[pho78westminster.business.site/posts/3212152333176844851.html]
[pho78westminster.business.site/posts/3212152333176844851fef7.html]
[pho78westminster.business.site/posts/32121523331768448512b4c.html]
[pho78westminster.business.site/posts/4630304752258154615.html]
[pho78westminster.business.site/posts/4630304752258154615fef7.html]
[pho78westminster.business.site/posts/46303047522581546152b4c.html]
[pho78westminster.business.site/posts/4668060662148812013.html]
[pho78westminster.business.site/posts/4668060662148812013fef7.html]
[pho78westminster.business.site/posts/46680606621488120132b4c.html]
[pho78westminster.business.site/posts/3266272354444426418.html]
[pho78westminster.business.site/posts/3266272354444426418fef7.html]
[pho78westminster.business.site/posts/32662723544444264182b4c.html]
[pho78westminster.business.site/posts/1142843220209610738.html]
[pho78westminster.business.site/posts/1142843220209610738fef7.html]
[pho78westminster.business.site/about.html]
[pho78westminster.business.site/https_.html]
[www.gstatic.com/bfe/apps/website/css/LTR_222161133.css]
[pho78westminster.business.site/posts/8451002822125592703.html]
[pho78westminster.business.site/posts/84510028221255927032b4c.html]
[pho78westminster.business.site/posts/5973865477121107413.html]
[pho78westminster.business.site/posts/59738654771211074132b4c.html]
[pho78westminster.business.site/posts/1140616553166726311.html]
[pho78westminster.business.site/posts/11406165531667263112b4c.html]
[pho78westminster.business.site/posts/4206120060567589340.html]
[pho78westminster.business.site/posts/42061200605675893402b4c.html]
[pho78westminster.business.site/posts/3212152333176844851.html]
[pho78westminster.business.site/posts/32121523331768448512b4c.html]
[pho78westminster.business.site/posts/4630304752258154615.html]
[pho78westminster.business.site/posts/46303047522581546152b4c.html]
[pho78westminster.business.site/posts/4668060662148812013.html]
[pho78westminster.business.site/posts/46680606621488120132b4c.html]
[pho78westminster.business.site/posts/3266272354444426418.html]
[pho78westminster.business.site/posts/32662723544444264182b4c.html]
[pho78westminster.business.site/posts/1142843220209610738.html]
[pho78westminster.business.site/posts/11428432202096107382b4c.html]
[pho78westminster.business.site/posts/11428432202096107382b4c.html]
